<?xml version="1.0" encoding="UTF-8"?>
<testng-results ignored="0" total="2" passed="2" failed="0" skipped="0">
  <reporter-output>
  </reporter-output>
  <suite started-at="2025-03-03T20:08:24 IST" name="Surefire suite" finished-at="2025-03-03T20:09:13 IST" duration-ms="49304">
    <groups>
    </groups>
    <test started-at="2025-03-03T20:08:24 IST" name="Surefire test" finished-at="2025-03-03T20:09:13 IST" duration-ms="49304">
      <class name="POMDriverFactory.TestScript">
        <test-method is-config="true" signature="signIn()[pri:0, instance:POMDriverFactory.TestScript@6ef888f6]" started-at="2025-03-03T20:08:24 IST" name="signIn" finished-at="2025-03-03T20:08:35 IST" duration-ms="11092" status="PASS">
          <reporter-output>
          </reporter-output>
        </test-method> <!-- signIn -->
        <test-method signature="usercreation()[pri:0, instance:POMDriverFactory.TestScript@6ef888f6]" started-at="2025-03-03T20:08:35 IST" name="usercreation" finished-at="2025-03-03T20:08:48 IST" duration-ms="13037" status="PASS">
          <reporter-output>
          </reporter-output>
        </test-method> <!-- usercreation -->
        <test-method signature="employeecreation()[pri:1, instance:POMDriverFactory.TestScript@6ef888f6]" started-at="2025-03-03T20:08:48 IST" name="employeecreation" finished-at="2025-03-03T20:09:05 IST" duration-ms="16409" status="PASS">
          <reporter-output>
          </reporter-output>
        </test-method> <!-- employeecreation -->
        <test-method is-config="true" signature="signOut()[pri:0, instance:POMDriverFactory.TestScript@6ef888f6]" started-at="2025-03-03T20:09:05 IST" name="signOut" finished-at="2025-03-03T20:09:13 IST" duration-ms="8728" status="PASS">
          <reporter-output>
          </reporter-output>
        </test-method> <!-- signOut -->
      </class> <!-- POMDriverFactory.TestScript -->
    </test> <!-- Surefire test -->
  </suite> <!-- Surefire suite -->
</testng-results>
